<?xml version="1.0" encoding="UTF-8"?>
<!-- Generated by org.testng.reporters.JUnitXMLReporter -->
<testsuite hostname="PC77334" ignored="0" name="Test" tests="5" failures="0" timestamp="17 Jun 2019 13:16:34 GMT" time="10.48" errors="0">
  <testcase name="getOrderDetails" time="3.835" classname="statuses.TestRetrieveOrderDetails"/>
  <testcase name="getEndUserForm" time="1.226" classname="statuses.TestGetEndUserForm"/>
  <testcase name="acceptOrder" time="1.1" classname="statuses.TestAcceptOrder"/>
  <testcase name="cancelOrder" time="1.734" classname="statuses.TestCancelOrder"/>
  <testcase name="sendEndUserFormOrder" time="1.831" classname="statuses.TestSendEndUserForm"/>
</testsuite> <!-- Test -->
