<?xml version="1.0" encoding="UTF-8"?>
<testsuite xmlns:xsi="http://www.w3.org/2001/XMLSchema-instance" xsi:noNamespaceSchemaLocation="https://maven.apache.org/surefire/maven-surefire-plugin/xsd/surefire-test-report.xsd" name="TestSuite" time="11.009" tests="5" errors="0" skipped="0" failures="0">
  <properties>
[...]
</properties>
  <testcase name="getOrderDetails" classname="statuses.TestRetrieveOrderDetails" time="3.836"/>
  <testcase name="getEndUserForm" classname="statuses.TestGetEndUserForm" time="1.239"/>
  <testcase name="acceptOrder" classname="statuses.TestAcceptOrder" time="1.087"/>
  <testcase name="cancelOrder" classname="statuses.TestCancelOrder" time="1.742"/>
  <testcase name="sendEndUserFormOrder" classname="statuses.TestSendEndUserForm" time="1.82"/>
</testsuite>