<?xml version="1.0" encoding="UTF-8"?>
<testng-results skipped="0" failed="0" ignored="0" total="1" passed="1">
  <reporter-output>
  </reporter-output>
  <suite name="Default suite" duration-ms="3848" started-at="2019-06-14T14:26:18Z" finished-at="2019-06-14T14:26:22Z">
    <groups>
    </groups>
    <test name="Default test" duration-ms="3848" started-at="2019-06-14T14:26:18Z" finished-at="2019-06-14T14:26:22Z">
      <class name="statuses.TestSendEndUserForm">
        <test-method status="PASS" signature="setup()[pri:0, instance:statuses.TestSendEndUserForm@5b275dab]" name="setup" is-config="true" duration-ms="683" started-at="2019-06-14T10:26:18Z" finished-at="2019-06-14T10:26:19Z">
          <reporter-output>
          </reporter-output>
        </test-method> <!-- setup -->
        <test-method status="PASS" signature="cancelOrder()[pri:0, instance:statuses.TestSendEndUserForm@5b275dab]" name="cancelOrder" duration-ms="3147" started-at="2019-06-14T10:26:19Z" finished-at="2019-06-14T10:26:22Z">
          <reporter-output>
          </reporter-output>
        </test-method> <!-- cancelOrder -->
      </class> <!-- statuses.TestSendEndUserForm -->
    </test> <!-- Default test -->
  </suite> <!-- Default suite -->
</testng-results>
