<?xml version="1.0" encoding="UTF-8"?>
<testng-results skipped="0" failed="0" ignored="0" total="1" passed="1">
  <reporter-output>
  </reporter-output>
  <suite name="Default suite" duration-ms="4245" started-at="2019-06-17T13:12:24Z" finished-at="2019-06-17T13:12:29Z">
    <groups>
    </groups>
    <test name="Default test" duration-ms="4245" started-at="2019-06-17T13:12:24Z" finished-at="2019-06-17T13:12:29Z">
      <class name="statuses.TestRetrieveOrderDetails">
        <test-method status="PASS" signature="setup()[pri:0, instance:statuses.TestRetrieveOrderDetails@5b275dab]" name="setup" is-config="true" duration-ms="691" started-at="2019-06-17T09:12:24Z" finished-at="2019-06-17T09:12:25Z">
          <reporter-output>
          </reporter-output>
        </test-method> <!-- setup -->
        <test-method status="PASS" signature="getOrderDetails()[pri:0, instance:statuses.TestRetrieveOrderDetails@5b275dab]" name="getOrderDetails" duration-ms="3532" started-at="2019-06-17T09:12:25Z" finished-at="2019-06-17T09:12:29Z">
          <reporter-output>
          </reporter-output>
        </test-method> <!-- getOrderDetails -->
      </class> <!-- statuses.TestRetrieveOrderDetails -->
    </test> <!-- Default test -->
  </suite> <!-- Default suite -->
</testng-results>
